<?xml version="1.0" encoding="UTF-8"?>
<!-- Generated by org.testng.reporters.JUnitReportReporter -->
<testsuite name="com.Testcase.LoginTest" tests="2" time="44.092" ignored="0" failures="0" timestamp="28 Apr 2019 06:34:12 GMT" skipped="0" hostname="DESKTOP-HCDR8IQ" errors="0">
  <testcase name="loginApp" time="24.478" classname="com.Testcase.LoginTest"/>
  <testcase name="verifyUnsuccessfulLoginErrorMessage" time="19.614" classname="com.Testcase.LoginTest"/>
</testsuite> <!-- com.Testcase.LoginTest -->
